2021-11-19 18:15:39,336 INFO  [org.jboss.modules] (main) JBoss Modules version 1.11.0.Final
2021-11-19 18:15:40,152 INFO  [org.jboss.msc] (main) JBoss MSC version 1.4.12.Final
2021-11-19 18:15:40,159 INFO  [org.jboss.threads] (main) JBoss Threads version 2.4.0.Final
2021-11-19 18:15:40,299 INFO  [org.jboss.as] (MSC service thread 1-3) WFLYSRV0049: WildFly Full 24.0.0.Final (WildFly Core 16.0.0.Final) starting
2021-11-19 18:15:40,301 DEBUG [org.jboss.as.config] (MSC service thread 1-3) Configured system properties:
	[Standalone] = 
	file.encoding = UTF-8
	file.separator = /
	ftp.nonProxyHosts = local|*.local|169.254/16|*.169.254/16
	http.nonProxyHosts = local|*.local|169.254/16|*.169.254/16
	java.awt.headless = true
	java.class.path = /Users/julia/project2_v3_1/wildfly-24.0.0.Final/jboss-modules.jar
	java.class.version = 60.0
	java.home = /Library/Java/JavaVirtualMachines/jdk-16.0.2.jdk/Contents/Home
	java.io.tmpdir = /var/folders/v_/chx_yn2n78sgrbrrrpfr_6n80000gn/T/
	java.library.path = /Users/julia/Library/Java/Extensions:/Library/Java/Extensions:/Network/Library/Java/Extensions:/System/Library/Java/Extensions:/usr/lib/java:.
	java.net.preferIPv4Stack = true
	java.runtime.name = Java(TM) SE Runtime Environment
	java.runtime.version = 16.0.2+7-67
	java.specification.name = Java Platform API Specification
	java.specification.vendor = Oracle Corporation
	java.specification.version = 16
	java.util.logging.manager = org.jboss.logmanager.LogManager
	java.vendor = Oracle Corporation
	java.vendor.url = https://java.oracle.com/
	java.vendor.url.bug = https://bugreport.java.com/bugreport/
	java.version = 16.0.2
	java.version.date = 2021-07-20
	java.vm.compressedOopsMode = Zero based
	java.vm.info = mixed mode, sharing
	java.vm.name = Java HotSpot(TM) 64-Bit Server VM
	java.vm.specification.name = Java Virtual Machine Specification
	java.vm.specification.vendor = Oracle Corporation
	java.vm.specification.version = 16
	java.vm.vendor = Oracle Corporation
	java.vm.version = 16.0.2+7-67
	javax.management.builder.initial = org.jboss.as.jmx.PluggableMBeanServerBuilder
	jboss.home.dir = /Users/julia/project2_v3_1/wildfly-24.0.0.Final
	jboss.host.name = macbook-pro-10
	jboss.modules.dir = /Users/julia/project2_v3_1/wildfly-24.0.0.Final/modules
	jboss.modules.system.pkgs = org.jboss.byteman
	jboss.node.name = macbook-pro-10
	jboss.qualified.host.name = macbook-pro-10.lan
	jboss.server.base.dir = /Users/julia/project2_v3_1/wildfly-24.0.0.Final/standalone
	jboss.server.config.dir = /Users/julia/project2_v3_1/wildfly-24.0.0.Final/standalone/configuration
	jboss.server.data.dir = /Users/julia/project2_v3_1/wildfly-24.0.0.Final/standalone/data
	jboss.server.deploy.dir = /Users/julia/project2_v3_1/wildfly-24.0.0.Final/standalone/data/content
	jboss.server.log.dir = /Users/julia/project2_v3_1/wildfly-24.0.0.Final/standalone/log
	jboss.server.name = macbook-pro-10
	jboss.server.persist.config = true
	jboss.server.temp.dir = /Users/julia/project2_v3_1/wildfly-24.0.0.Final/standalone/tmp
	jdk.debug = release
	line.separator = 

	logging.configuration = file:/Users/julia/project2_v3_1/wildfly-24.0.0.Final/standalone/configuration/logging.properties
	module.path = /Users/julia/project2_v3_1/wildfly-24.0.0.Final/modules
	org.jboss.boot.log.file = /Users/julia/project2_v3_1/wildfly-24.0.0.Final/standalone/log/server.log
	org.jboss.resolver.warning = true
	os.arch = x86_64
	os.name = Mac OS X
	os.version = 11.5
	path.separator = :
	socksNonProxyHosts = local|*.local|169.254/16|*.169.254/16
	sun.arch.data.model = 64
	sun.boot.library.path = /Library/Java/JavaVirtualMachines/jdk-16.0.2.jdk/Contents/Home/lib
	sun.cpu.endian = little
	sun.io.unicode.encoding = UnicodeBig
	sun.java.command = /Users/julia/project2_v3_1/wildfly-24.0.0.Final/jboss-modules.jar -mp /Users/julia/project2_v3_1/wildfly-24.0.0.Final/modules org.jboss.as.standalone -Djboss.home.dir=/Users/julia/project2_v3_1/wildfly-24.0.0.Final -Djboss.server.base.dir=/Users/julia/project2_v3_1/wildfly-24.0.0.Final/standalone --server-config=standalone-full.xml
	sun.java.launcher = SUN_STANDARD
	sun.jnu.encoding = UTF-8
	sun.management.compiler = HotSpot 64-Bit Tiered Compilers
	user.country = BR
	user.dir = /Users/julia/project2_v3_1/wildfly-24.0.0.Final
	user.home = /Users/julia
	user.language = en
	user.name = julia
	user.timezone = Europe/Lisbon
2021-11-19 18:15:40,305 DEBUG [org.jboss.as.config] (MSC service thread 1-3) VM Arguments: -D[Standalone] -Xms64m -Xmx512m -XX:MetaspaceSize=96M -XX:MaxMetaspaceSize=256m -Djava.net.preferIPv4Stack=true -Djboss.modules.system.pkgs=org.jboss.byteman -Djava.awt.headless=true --add-exports=java.desktop/sun.awt=ALL-UNNAMED --add-exports=java.naming/com.sun.jndi.ldap=ALL-UNNAMED --add-opens=java.base/java.lang=ALL-UNNAMED --add-opens=java.base/java.lang.invoke=ALL-UNNAMED --add-opens=java.base/java.io=ALL-UNNAMED --add-opens=java.base/java.security=ALL-UNNAMED --add-opens=java.base/java.util=ALL-UNNAMED --add-opens=java.management/javax.management=ALL-UNNAMED --add-opens=java.naming/javax.naming=ALL-UNNAMED -Dorg.jboss.boot.log.file=/Users/julia/project2_v3_1/wildfly-24.0.0.Final/standalone/log/server.log -Dlogging.configuration=file:/Users/julia/project2_v3_1/wildfly-24.0.0.Final/standalone/configuration/logging.properties 
2021-11-19 18:15:41,579 INFO  [org.wildfly.security] (ServerService Thread Pool -- 29) ELY00001: WildFly Elytron version 1.16.0.Final
2021-11-19 18:15:42,013 INFO  [org.jboss.as.controller.management-deprecated] (ServerService Thread Pool -- 5) WFLYCTL0033: Extension 'security' is deprecated and may not be supported in future versions
2021-11-19 18:15:42,804 INFO  [org.jboss.as.controller.management-deprecated] (Controller Boot Thread) WFLYCTL0028: Attribute 'security-realm' in the resource at address '/core-service=management/management-interface=http-interface' is deprecated, and may be removed in a future version. See the attribute description in the output of the read-resource-description operation to learn more about the deprecation.
2021-11-19 18:15:43,184 INFO  [org.jboss.as.controller.management-deprecated] (ServerService Thread Pool -- 20) WFLYCTL0028: Attribute 'security-realm' in the resource at address '/subsystem=undertow/server=default-server/https-listener=https' is deprecated, and may be removed in a future version. See the attribute description in the output of the read-resource-description operation to learn more about the deprecation.
2021-11-19 18:15:43,203 INFO  [org.jboss.as.repository] (ServerService Thread Pool -- 17) WFLYDR0001: Content added at location /Users/julia/project2_v3_1/wildfly-24.0.0.Final/standalone/data/content/2e/19026d68f6ad63b32acb1ff9bfbd1cb5fe5357/content
2021-11-19 18:15:43,633 INFO  [org.jboss.as.server] (Controller Boot Thread) WFLYSRV0039: Creating http management service using socket-binding (management-http)
2021-11-19 18:15:43,650 INFO  [org.xnio] (MSC service thread 1-3) XNIO version 3.8.4.Final
2021-11-19 18:15:43,668 INFO  [org.xnio.nio] (MSC service thread 1-3) XNIO NIO Implementation Version 3.8.4.Final
2021-11-19 18:15:43,740 INFO  [org.wildfly.iiop.openjdk] (ServerService Thread Pool -- 56) WFLYIIOP0001: Activating IIOP Subsystem
2021-11-19 18:15:43,740 INFO  [org.jboss.as.clustering.infinispan] (ServerService Thread Pool -- 57) WFLYCLINF0001: Activating Infinispan subsystem.
2021-11-19 18:15:43,758 INFO  [org.jboss.as.jsf] (ServerService Thread Pool -- 64) WFLYJSF0007: Activated the following Jakarta Server Faces Implementations: [main]
2021-11-19 18:15:43,785 INFO  [org.wildfly.extension.microprofile.opentracing] (ServerService Thread Pool -- 71) WFLYTRACEXT0001: Activating MicroProfile OpenTracing Subsystem
2021-11-19 18:15:43,780 INFO  [org.wildfly.extension.microprofile.config.smallrye] (ServerService Thread Pool -- 69) WFLYCONF0001: Activating MicroProfile Config Subsystem
2021-11-19 18:15:43,781 INFO  [org.wildfly.extension.microprofile.jwt.smallrye] (ServerService Thread Pool -- 70) WFLYJWT0001: Activating MicroProfile JWT Subsystem
2021-11-19 18:15:43,803 INFO  [org.jboss.as.security] (ServerService Thread Pool -- 78) WFLYSEC0002: Activating Security Subsystem
2021-11-19 18:15:43,780 INFO  [org.jboss.as.naming] (ServerService Thread Pool -- 72) WFLYNAM0001: Activating Naming Subsystem
2021-11-19 18:15:43,810 INFO  [org.jboss.as.webservices] (ServerService Thread Pool -- 82) WFLYWS0002: Activating WebServices Extension
2021-11-19 18:15:43,815 WARN  [org.jboss.as.txn] (ServerService Thread Pool -- 80) WFLYTX0013: The node-identifier attribute on the /subsystem=transactions is set to the default value. This is a danger for environments running multiple servers. Please make sure the attribute value is unique.
2021-11-19 18:15:43,841 INFO  [org.wildfly.extension.health] (ServerService Thread Pool -- 55) WFLYHEALTH0001: Activating Base Health Subsystem
2021-11-19 18:15:43,842 INFO  [org.jboss.remoting] (MSC service thread 1-2) JBoss Remoting version 5.0.23.Final
2021-11-19 18:15:44,028 INFO  [org.jboss.as.security] (MSC service thread 1-7) WFLYSEC0001: Current PicketBox version=5.0.3.Final-redhat-00007
2021-11-19 18:15:44,123 INFO  [org.jboss.as.naming] (MSC service thread 1-6) WFLYNAM0003: Starting Naming Service
2021-11-19 18:15:43,994 INFO  [org.jboss.as.connector] (MSC service thread 1-3) WFLYJCA0009: Starting Jakarta Connectors Subsystem (WildFly/IronJacamar 1.4.35.Final)
2021-11-19 18:15:44,145 INFO  [org.wildfly.extension.metrics] (ServerService Thread Pool -- 68) WFLYMETRICS0001: Activating Base Metrics Subsystem
2021-11-19 18:15:44,211 INFO  [org.jboss.as.mail.extension] (MSC service thread 1-6) WFLYMAIL0001: Bound mail session [java:jboss/mail/Default]
2021-11-19 18:15:44,208 INFO  [org.wildfly.extension.io] (ServerService Thread Pool -- 58) WFLYIO001: Worker 'default' has auto-configured to 16 IO threads with 128 max task threads based on your 8 available processors
2021-11-19 18:15:44,247 INFO  [org.wildfly.extension.undertow] (MSC service thread 1-2) WFLYUT0003: Undertow 2.2.8.Final starting
2021-11-19 18:15:44,327 INFO  [org.jboss.as.jaxrs] (ServerService Thread Pool -- 59) WFLYRS0016: RESTEasy version 3.15.1.Final
2021-11-19 18:15:44,426 INFO  [org.jboss.as.connector.subsystems.datasources] (ServerService Thread Pool -- 47) WFLYJCA0004: Deploying JDBC-compliant driver class org.h2.Driver (version 1.4)
2021-11-19 18:15:44,463 INFO  [org.jboss.as.connector.deployers.jdbc] (MSC service thread 1-4) WFLYJCA0018: Started Driver service with driver-name = h2
2021-11-19 18:15:44,601 INFO  [org.jboss.as.connector.subsystems.datasources] (ServerService Thread Pool -- 47) WFLYJCA0005: Deploying non-JDBC-compliant driver class org.postgresql.Driver (version 42.3)
2021-11-19 18:15:44,622 INFO  [org.jboss.as.ejb3] (MSC service thread 1-4) WFLYEJB0482: Strict pool mdb-strict-max-pool is using a max instance size of 32 (per class), which is derived from the number of CPUs on this host.
2021-11-19 18:15:44,622 INFO  [org.jboss.as.ejb3] (MSC service thread 1-6) WFLYEJB0481: Strict pool slsb-strict-max-pool is using a max instance size of 128 (per class), which is derived from thread worker pool sizing.
2021-11-19 18:15:44,756 INFO  [org.jboss.as.connector.deployers.jdbc] (MSC service thread 1-6) WFLYJCA0018: Started Driver service with driver-name = postgresql
2021-11-19 18:15:44,917 INFO  [org.wildfly.extension.undertow] (MSC service thread 1-7) WFLYUT0012: Started server default-server.
2021-11-19 18:15:44,921 INFO  [org.wildfly.extension.undertow] (MSC service thread 1-1) Queuing requests.
2021-11-19 18:15:44,923 INFO  [org.wildfly.extension.undertow] (MSC service thread 1-1) WFLYUT0018: Host default-host starting
2021-11-19 18:15:44,914 INFO  [org.wildfly.extension.undertow] (ServerService Thread Pool -- 81) WFLYUT0014: Creating file handler for path '/Users/julia/project2_v3_1/wildfly-24.0.0.Final/welcome-content' with options [directory-listing: 'false', follow-symlink: 'false', case-sensitive: 'true', safe-symlink-paths: '[]']
2021-11-19 18:15:44,960 WARN  [org.wildfly.extension.elytron] (MSC service thread 1-7) WFLYELY00023: KeyStore file '/Users/julia/project2_v3_1/wildfly-24.0.0.Final/standalone/configuration/application.keystore' does not exist. Used blank.
2021-11-19 18:15:44,983 INFO  [org.wildfly.iiop.openjdk] (MSC service thread 1-2) WFLYIIOP0009: CORBA ORB Service started
2021-11-19 18:15:45,004 WARN  [org.wildfly.extension.elytron] (MSC service thread 1-8) WFLYELY01084: KeyStore /Users/julia/project2_v3_1/wildfly-24.0.0.Final/standalone/configuration/application.keystore not found, it will be auto generated on first use with a self-signed certificate for host localhost
2021-11-19 18:15:45,077 INFO  [org.wildfly.extension.undertow] (MSC service thread 1-3) WFLYUT0006: Undertow HTTP listener default listening on 127.0.0.1:8080
2021-11-19 18:15:45,533 INFO  [org.jboss.as.ejb3] (MSC service thread 1-7) WFLYEJB0493: Jakarta Enterprise Beans subsystem suspension complete
2021-11-19 18:15:45,690 INFO  [org.jboss.as.connector.subsystems.datasources] (MSC service thread 1-7) WFLYJCA0001: Bound data source [java:jboss/datasources/ExampleDS]
2021-11-19 18:15:45,691 INFO  [org.jboss.as.connector.subsystems.datasources] (MSC service thread 1-5) WFLYJCA0001: Bound data source [java:/ResearchersandPublications]
2021-11-19 18:15:46,059 INFO  [org.jboss.as.patching] (MSC service thread 1-5) WFLYPAT0050: WildFly Full cumulative patch ID is: base, one-off patches include: none
2021-11-19 18:15:46,091 INFO  [org.wildfly.extension.messaging-activemq] (MSC service thread 1-6) WFLYMSGAMQ0001: AIO wasn't located on this platform, it will fall back to using pure Java NIO.
2021-11-19 18:15:46,139 WARN  [org.jboss.as.domain.management.security] (MSC service thread 1-3) WFLYDM0111: Keystore /Users/julia/project2_v3_1/wildfly-24.0.0.Final/standalone/configuration/application.keystore not found, it will be auto generated on first use with a self signed certificate for host localhost
